<?xml version="1.0" encoding="UTF-8"?>
<!-- Generated by org.testng.reporters.JUnitXMLReporter -->
<testsuite ignored="0" hostname="LAPTOP-VA9E9AHH" failures="1" tests="2" name="Login Test" time="28.386" errors="0" timestamp="2026-05-17T18:37:27 IST">
  <testcase classname="com.Test.LoginTest" name="validLoginTest" time="23.547"/>
  <testcase classname="com.Test.LoginTest" name="logOut" time="1.714">
    <failure type="org.openqa.selenium.InvalidSelectorException" message="invalid selector: Unable to locate an element with the xpath expression //p[text()=&amp;apos;mero user&amp;apos;]&amp;apos;] because of the following error:
SyntaxError: Failed to execute &amp;apos;evaluate&amp;apos; on &amp;apos;Document&amp;apos;: The string &amp;apos;//p[text()=&amp;apos;mero user&amp;apos;]&amp;apos;]&amp;apos; is not a valid XPath expression.
  (Session info: chrome=148.0.7778.168)
For documentation on this error, please visit: https://www.selenium.dev/documentation/webdriver/troubleshooting/errors#invalid-selector-exception
Build info: version: &amp;apos;4.21.0&amp;apos;, revision: &amp;apos;79ed462ef4&amp;apos;
System info: os.name: &amp;apos;Windows 11&amp;apos;, os.arch: &amp;apos;amd64&amp;apos;, os.version: &amp;apos;10.0&amp;apos;, java.version: &amp;apos;19.0.1&amp;apos;
Driver info: org.openqa.selenium.chrome.ChromeDriver
Command: [f4989228d10a492433bbc344161622bf, findElement {value=//p[text()=&amp;apos;mero user&amp;apos;]&amp;apos;], using=xpath}]
Capabilities {acceptInsecureCerts: false, browserName: chrome, browserVersion: 148.0.7778.168, chrome: {chromedriverVersion: 148.0.7778.167 (65db666ac2c..., userDataDir: C:\Users\suyas\AppData\Loca...}, fedcm:accounts: true, goog:chromeOptions: {debuggerAddress: localhost:54173}, goog:processID: 9488, networkConnectionEnabled: false, pageLoadStrategy: normal, platformName: windows, proxy: Proxy(), se:cdp: ws://localhost:54173/devtoo..., se:cdpVersion: 148.0.7778.168, setWindowRect: true, strictFileInteractability: false, timeouts: {implicit: 0, pageLoad: 300000, script: 30000}, unhandledPromptBehavior: dismiss and notify, webauthn:extension:credBlob: true, webauthn:extension:largeBlob: true, webauthn:extension:minPinLength: true, webauthn:extension:prf: true, webauthn:virtualAuthenticators: true}
Session ID: f4989228d10a492433bbc344161622bf">
      <![CDATA[org.openqa.selenium.InvalidSelectorException: invalid selector: Unable to locate an element with the xpath expression //p[text()='mero user']'] because of the following error:
SyntaxError: Failed to execute 'evaluate' on 'Document': The string '//p[text()='mero user']']' is not a valid XPath expression.
  (Session info: chrome=148.0.7778.168)
For documentation on this error, please visit: https://www.selenium.dev/documentation/webdriver/troubleshooting/errors#invalid-selector-exception
Build info: version: '4.21.0', revision: '79ed462ef4'
System info: os.name: 'Windows 11', os.arch: 'amd64', os.version: '10.0', java.version: '19.0.1'
Driver info: org.openqa.selenium.chrome.ChromeDriver
Command: [f4989228d10a492433bbc344161622bf, findElement {value=//p[text()='mero user']'], using=xpath}]
Capabilities {acceptInsecureCerts: false, browserName: chrome, browserVersion: 148.0.7778.168, chrome: {chromedriverVersion: 148.0.7778.167 (65db666ac2c..., userDataDir: C:\Users\suyas\AppData\Loca...}, fedcm:accounts: true, goog:chromeOptions: {debuggerAddress: localhost:54173}, goog:processID: 9488, networkConnectionEnabled: false, pageLoadStrategy: normal, platformName: windows, proxy: Proxy(), se:cdp: ws://localhost:54173/devtoo..., se:cdpVersion: 148.0.7778.168, setWindowRect: true, strictFileInteractability: false, timeouts: {implicit: 0, pageLoad: 300000, script: 30000}, unhandledPromptBehavior: dismiss and notify, webauthn:extension:credBlob: true, webauthn:extension:largeBlob: true, webauthn:extension:minPinLength: true, webauthn:extension:prf: true, webauthn:virtualAuthenticators: true}
Session ID: f4989228d10a492433bbc344161622bf
at org.openqa.selenium.remote.ErrorCodec.decode(ErrorCodec.java:167)
at org.openqa.selenium.remote.codec.w3c.W3CHttpResponseCodec.decode(W3CHttpResponseCodec.java:138)
at org.openqa.selenium.remote.codec.w3c.W3CHttpResponseCodec.decode(W3CHttpResponseCodec.java:50)
at org.openqa.selenium.remote.HttpCommandExecutor.execute(HttpCommandExecutor.java:190)
at org.openqa.selenium.remote.service.DriverCommandExecutor.invokeExecute(DriverCommandExecutor.java:216)
at org.openqa.selenium.remote.service.DriverCommandExecutor.execute(DriverCommandExecutor.java:174)
at org.openqa.selenium.remote.RemoteWebDriver.execute(RemoteWebDriver.java:518)
at org.openqa.selenium.remote.ElementLocation$ElementFinder$2.findElement(ElementLocation.java:165)
at org.openqa.selenium.remote.ElementLocation.findElement(ElementLocation.java:59)
at org.openqa.selenium.remote.RemoteWebDriver.findElement(RemoteWebDriver.java:355)
at org.openqa.selenium.remote.RemoteWebDriver.findElement(RemoteWebDriver.java:349)
at org.openqa.selenium.support.pagefactory.DefaultElementLocator.findElement(DefaultElementLocator.java:68)
at org.openqa.selenium.support.pagefactory.internal.LocatingElementHandler.invoke(LocatingElementHandler.java:38)
at jdk.proxy2/jdk.proxy2.$Proxy16.click(Unknown Source)
at com.webPages.LogOutPage.clickOnUSer(LogOutPage.java:26)
at com.webPages.LogOutPage.LogOut(LogOutPage.java:35)
at com.Test.LoginTest.logOut(LoginTest.java:42)
at java.base/java.util.ArrayList.forEach(ArrayList.java:1511)
... Removed 28 stack frames]]>
    </failure>
  </testcase> <!-- logOut -->
</testsuite> <!-- Login Test -->
