<?xml version="1.0" encoding="UTF-8"?>
<testng-results ignored="0" total="1" passed="1" failed="0" skipped="0">
  <reporter-output>
  </reporter-output>
  <suite started-at="2026-05-17T20:02:39 IST" name="Default suite" finished-at="2026-05-17T20:02:46 IST" duration-ms="6724">
    <groups>
    </groups>
    <test started-at="2026-05-17T20:02:39 IST" name="Default test" finished-at="2026-05-17T20:02:46 IST" duration-ms="6724">
      <class name="com.Test.LoginTest">
        <test-method is-config="true" signature="setUp()[pri:0, instance:com.Test.LoginTest@7a35b0f5]" started-at="2026-05-17T20:02:40 IST" name="setUp" finished-at="2026-05-17T20:02:41 IST" duration-ms="1561" status="PASS">
          <reporter-output>
          </reporter-output>
        </test-method> <!-- setUp -->
        <test-method signature="validLoginTest()[pri:0, instance:com.Test.LoginTest@7a35b0f5]" started-at="2026-05-17T20:02:41 IST" name="validLoginTest" finished-at="2026-05-17T20:02:46 IST" duration-ms="4824" status="PASS">
          <reporter-output>
          </reporter-output>
        </test-method> <!-- validLoginTest -->
        <test-method is-config="true" signature="tearDown()[pri:0, instance:com.Test.LoginTest@7a35b0f5]" started-at="2026-05-17T20:02:46 IST" name="tearDown" finished-at="2026-05-17T20:02:46 IST" duration-ms="107" status="PASS">
          <reporter-output>
          </reporter-output>
        </test-method> <!-- tearDown -->
      </class> <!-- com.Test.LoginTest -->
    </test> <!-- Default test -->
  </suite> <!-- Default suite -->
</testng-results>
